0 info it worked if it ends with ok
1 verbose cli [ 'D:\\nodejs\\\\node.exe',
1 verbose cli   'D:\\nodejs\\node_modules\\npm\\bin\\npm-cli.js',
1 verbose cli   'install',
1 verbose cli   'dbConfig' ]
2 info using npm@1.4.28
3 info using node@v0.10.32
4 verbose node symlink D:\nodejs\\node.exe
5 warn package.json passport_mysql_express_auth@1.0.0 No repository field.
6 verbose readDependencies using package.json deps
7 verbose cache add [ 'dbConfig', null ]
8 verbose cache add name=undefined spec="dbConfig" args=["dbConfig",null]
9 verbose parsed url { protocol: null,
9 verbose parsed url   slashes: null,
9 verbose parsed url   auth: null,
9 verbose parsed url   host: null,
9 verbose parsed url   port: null,
9 verbose parsed url   hostname: null,
9 verbose parsed url   hash: null,
9 verbose parsed url   search: null,
9 verbose parsed url   query: null,
9 verbose parsed url   pathname: 'dbConfig',
9 verbose parsed url   path: 'dbConfig',
9 verbose parsed url   href: 'dbConfig' }
10 silly lockFile 8a89cd5d-dbConfig dbConfig
11 verbose lock dbConfig C:\Users\ASUS\AppData\Roaming\npm-cache\8a89cd5d-dbConfig.lock
12 silly lockFile 8a89cd5d-dbConfig dbConfig
13 silly lockFile 8a89cd5d-dbConfig dbConfig
14 verbose addNamed [ 'dbConfig', '' ]
15 verbose addNamed [ null, '*' ]
16 silly lockFile fce0fd1a-dbConfig dbConfig@
17 verbose lock dbConfig@ C:\Users\ASUS\AppData\Roaming\npm-cache\fce0fd1a-dbConfig.lock
18 silly addNameRange { name: 'dbConfig', range: '*', hasData: false }
19 verbose request where is /dbConfig
20 verbose request registry https://registry.npmjs.org/
21 verbose request id b586b2d9d478b54e
22 verbose url raw /dbConfig
23 verbose url resolving [ 'https://registry.npmjs.org/', './dbConfig' ]
24 verbose url resolved https://registry.npmjs.org/dbConfig
25 verbose request where is https://registry.npmjs.org/dbConfig
26 info trying registry request attempt 1 at 20:36:28
27 http GET https://registry.npmjs.org/dbConfig
28 http 404 https://registry.npmjs.org/dbConfig
29 verbose headers { server: 'CouchDB/1.5.0 (Erlang OTP/R16B03)',
29 verbose headers   'content-type': 'application/json',
29 verbose headers   'cache-control': 'max-age=0',
29 verbose headers   'content-length': '51',
29 verbose headers   'accept-ranges': 'bytes',
29 verbose headers   date: 'Mon, 01 Jun 2015 12:36:27 GMT',
29 verbose headers   via: '1.1 varnish',
29 verbose headers   age: '0',
29 verbose headers   connection: 'keep-alive',
29 verbose headers   'x-served-by': 'cache-hkg6824-HKG',
29 verbose headers   'x-cache': 'MISS',
29 verbose headers   'x-cache-hits': '0',
29 verbose headers   'x-timer': 'S1433162187.523173,VS0,VE151' }
30 silly registry.get cb [ 404,
30 silly registry.get   { server: 'CouchDB/1.5.0 (Erlang OTP/R16B03)',
30 silly registry.get     'content-type': 'application/json',
30 silly registry.get     'cache-control': 'max-age=0',
30 silly registry.get     'content-length': '51',
30 silly registry.get     'accept-ranges': 'bytes',
30 silly registry.get     date: 'Mon, 01 Jun 2015 12:36:27 GMT',
30 silly registry.get     via: '1.1 varnish',
30 silly registry.get     age: '0',
30 silly registry.get     connection: 'keep-alive',
30 silly registry.get     'x-served-by': 'cache-hkg6824-HKG',
30 silly registry.get     'x-cache': 'MISS',
30 silly registry.get     'x-cache-hits': '0',
30 silly registry.get     'x-timer': 'S1433162187.523173,VS0,VE151' } ]
31 silly lockFile fce0fd1a-dbConfig dbConfig@
32 silly lockFile fce0fd1a-dbConfig dbConfig@
33 error 404 404 Not Found: dbConfig
33 error 404
33 error 404 'dbConfig' is not in the npm registry.
33 error 404 You should bug the author to publish it
33 error 404 It was specified as a dependency of 'passport_mysql_express_auth'
33 error 404
33 error 404 Note that you can also install from a
33 error 404 tarball, folder, or http url, or git url.
34 error System Windows_NT 6.1.7601
35 error command "D:\\nodejs\\\\node.exe" "D:\\nodejs\\node_modules\\npm\\bin\\npm-cli.js" "install" "dbConfig"
36 error cwd D:\-------大三上\專題\requireList-sample
37 error node -v v0.10.32
38 error npm -v 1.4.28
39 error code E404
40 verbose exit [ 1, true ]
